Number of available GPUs: 4
Using GPU device: cuda:0
num_row=4096, num_col=8192, num_nonezero=701760
3 A 1 2 i 4096 0 k 8192 1 B 0 2 k 8192 0 j 256 0 C 0 2 i 4096 0 j 256 0 float
[AutoSparse.AutoTuing] Space size = 26244000000
[AutoSparse.AutoTuing] Origin format run time = 3.21796751
**************** Start Random Search ****************
population_size         =100
trial                   =100
use_performance_model   =False
eval_warm_times         =10
eval_round              =50
eval_timeout            =1
eval_policy             =avg

TimeoutError -------------------------
TimeoutError -------------------------
TimeoutError -------------------------
TimeoutError -------------------------
TimeoutError -------------------------
[Autosparse.AutoTune] Warm in 0 trial best: 37.88273239, history best: 37.88273239135742
Random Search: Current time: 2024-04-04 14:43:36 in trial 0
TimeoutError -------------------------
TimeoutError -------------------------
TimeoutError -------------------------
TimeoutError -------------------------
TimeoutError -------------------------
TimeoutError -------------------------
TimeoutError -------------------------
TimeoutError -------------------------
TimeoutError -------------------------
[Autosparse.AutoTune] Warm in 0 trial best: 11.77040386, history best: 11.770403861999512
Random Search: Current time: 2024-04-04 14:43:58 in trial 1
TimeoutError -------------------------
TimeoutError -------------------------
TimeoutError -------------------------
TimeoutError -------------------------
TimeoutError -------------------------
TimeoutError -------------------------
[Autosparse.AutoTune] Warm in 0 trial best: 28.56750679, history best: 11.770403861999512
Random Search: Current time: 2024-04-04 14:44:12 in trial 2
TimeoutError -------------------------
TimeoutError -------------------------
TimeoutError -------------------------
TimeoutError -------------------------
TimeoutError -------------------------
TimeoutError -------------------------
TimeoutError -------------------------
[Autosparse.AutoTune] Warm in 0 trial best: 13.09341431, history best: 11.770403861999512
Random Search: Current time: 2024-04-04 14:44:30 in trial 3
TimeoutError -------------------------
TimeoutError -------------------------
TimeoutError -------------------------
[Autosparse.AutoTune] Warm in 0 trial best: 33.49616623, history best: 11.770403861999512
Random Search: Current time: 2024-04-04 14:44:39 in trial 4
TimeoutError -------------------------
[Autosparse.AutoTune] Warm in 0 trial best: 36.29916763, history best: 11.770403861999512
Random Search: Current time: 2024-04-04 14:44:42 in trial 5
TimeoutError -------------------------
TimeoutError -------------------------
TimeoutError -------------------------
TimeoutError -------------------------
TimeoutError -------------------------
TimeoutError -------------------------
TimeoutError -------------------------
TimeoutError -------------------------
[Autosparse.AutoTune] Warm in 0 trial best: 10.33957672, history best: 10.339576721191406
Random Search: Current time: 2024-04-04 14:45:02 in trial 6
TimeoutError -------------------------
TimeoutError -------------------------
TimeoutError -------------------------
TimeoutError -------------------------
TimeoutError -------------------------
TimeoutError -------------------------
TimeoutError -------------------------
[Autosparse.AutoTune] Warm in 0 trial best: 147.79714966, history best: 10.339576721191406
Random Search: Current time: 2024-04-04 14:45:17 in trial 7
TimeoutError -------------------------
TimeoutError -------------------------
TimeoutError -------------------------
TimeoutError -------------------------
TimeoutError -------------------------
[Autosparse.AutoTune] Warm in 0 trial best: 103.56763458, history best: 10.339576721191406
Random Search: Current time: 2024-04-04 14:45:29 in trial 8
TimeoutError -------------------------
TimeoutError -------------------------
TimeoutError -------------------------
TimeoutError -------------------------
TimeoutError -------------------------
[Autosparse.AutoTune] Warm in 0 trial best: 28.24925804, history best: 10.339576721191406
Random Search: Current time: 2024-04-04 14:45:39 in trial 9
TimeoutError -------------------------
TimeoutError -------------------------
TimeoutError -------------------------
TimeoutError -------------------------
TimeoutError -------------------------
TimeoutError -------------------------
[Autosparse.AutoTune] Warm in 0 trial best: 25.92237473, history best: 10.339576721191406
Random Search: Current time: 2024-04-04 14:45:54 in trial 10
TimeoutError -------------------------
TimeoutError -------------------------
TimeoutError -------------------------
TimeoutError -------------------------
[Autosparse.AutoTune] Warm in 0 trial best: 23.23552895, history best: 10.339576721191406
Random Search: Current time: 2024-04-04 14:46:05 in trial 11
TimeoutError -------------------------
TimeoutError -------------------------
TimeoutError -------------------------
TimeoutError -------------------------
TimeoutError -------------------------
TimeoutError -------------------------
TimeoutError -------------------------
TimeoutError -------------------------
TimeoutError -------------------------
TimeoutError -------------------------
[Autosparse.AutoTune] Warm in 0 trial best: 26.73000717, history best: 10.339576721191406
Random Search: Current time: 2024-04-04 14:46:23 in trial 12
TimeoutError -------------------------
TimeoutError -------------------------
TimeoutError -------------------------
TimeoutError -------------------------
TimeoutError -------------------------
[Autosparse.AutoTune] Warm in 0 trial best: 28.39471245, history best: 10.339576721191406
Random Search: Current time: 2024-04-04 14:46:39 in trial 13
TimeoutError -------------------------
TimeoutError -------------------------
TimeoutError -------------------------
TimeoutError -------------------------
[Autosparse.AutoTune] Warm in 0 trial best: 10.96196270, history best: 10.339576721191406
Random Search: Current time: 2024-04-04 14:46:52 in trial 14
TimeoutError -------------------------
TimeoutError -------------------------
TimeoutError -------------------------
TimeoutError -------------------------
TimeoutError -------------------------
TimeoutError -------------------------
TimeoutError -------------------------
TimeoutError -------------------------
TimeoutError -------------------------
[Autosparse.AutoTune] Warm in 0 trial best: 55.37223434, history best: 10.339576721191406
Random Search: Current time: 2024-04-04 14:47:09 in trial 15
TimeoutError -------------------------
TimeoutError -------------------------
TimeoutError -------------------------
TimeoutError -------------------------
TimeoutError -------------------------
[Autosparse.AutoTune] Warm in 0 trial best: 170.47827148, history best: 10.339576721191406
Random Search: Current time: 2024-04-04 14:47:17 in trial 16
TimeoutError -------------------------
TimeoutError -------------------------
TimeoutError -------------------------
TimeoutError -------------------------
TimeoutError -------------------------
TimeoutError -------------------------
TimeoutError -------------------------
[Autosparse.AutoTune] Warm in 0 trial best: 28.26246452, history best: 10.339576721191406
Random Search: Current time: 2024-04-04 14:47:33 in trial 17
TimeoutError -------------------------
TimeoutError -------------------------
TimeoutError -------------------------
TimeoutError -------------------------
[Autosparse.AutoTune] Warm in 0 trial best: 32.00754547, history best: 10.339576721191406
Random Search: Current time: 2024-04-04 14:47:44 in trial 18
TimeoutError -------------------------
TimeoutError -------------------------
TimeoutError -------------------------
[Autosparse.AutoTune] Warm in 0 trial best: 8.57147312, history best: 8.571473121643066
Random Search: Current time: 2024-04-04 14:47:52 in trial 19
TimeoutError -------------------------
TimeoutError -------------------------
TimeoutError -------------------------
TimeoutError -------------------------
TimeoutError -------------------------
TimeoutError -------------------------
TimeoutError -------------------------
[Autosparse.AutoTune] Warm in 0 trial best: 27.34942818, history best: 8.571473121643066
Random Search: Current time: 2024-04-04 14:48:09 in trial 20
TimeoutError -------------------------
TimeoutError -------------------------
TimeoutError -------------------------
TimeoutError -------------------------
TimeoutError -------------------------
TimeoutError -------------------------
TimeoutError -------------------------
[Autosparse.AutoTune] Warm in 0 trial best: 78.08747101, history best: 8.571473121643066
Random Search: Current time: 2024-04-04 14:48:21 in trial 21
TimeoutError -------------------------
TimeoutError -------------------------
TimeoutError -------------------------
TimeoutError -------------------------
TimeoutError -------------------------
TimeoutError -------------------------
TimeoutError -------------------------
TimeoutError -------------------------
TimeoutError -------------------------
TimeoutError -------------------------
[Autosparse.AutoTune] Warm in 0 trial best: 28.85204887, history best: 8.571473121643066
Random Search: Current time: 2024-04-04 14:48:39 in trial 22
TimeoutError -------------------------
TimeoutError -------------------------
[Autosparse.AutoTune] Warm in 0 trial best: 29.24627876, history best: 8.571473121643066
Random Search: Current time: 2024-04-04 14:48:46 in trial 23
TimeoutError -------------------------
TimeoutError -------------------------
TimeoutError -------------------------
TimeoutError -------------------------
TimeoutError -------------------------
TimeoutError -------------------------
[Autosparse.AutoTune] Warm in 0 trial best: 51.42892456, history best: 8.571473121643066
Random Search: Current time: 2024-04-04 14:48:57 in trial 24
TimeoutError -------------------------
TimeoutError -------------------------
TimeoutError -------------------------
TimeoutError -------------------------
TimeoutError -------------------------
TimeoutError -------------------------
TimeoutError -------------------------
[Autosparse.AutoTune] Warm in 0 trial best: 4.93169117, history best: 4.9316911697387695
Random Search: Current time: 2024-04-04 14:49:10 in trial 25
TimeoutError -------------------------
TimeoutError -------------------------
TimeoutError -------------------------
TimeoutError -------------------------
[Autosparse.AutoTune] Warm in 0 trial best: 32.00103378, history best: 4.9316911697387695
Random Search: Current time: 2024-04-04 14:49:21 in trial 26
TimeoutError -------------------------
TimeoutError -------------------------
TimeoutError -------------------------
TimeoutError -------------------------
TimeoutError -------------------------
TimeoutError -------------------------
TimeoutError -------------------------
TimeoutError -------------------------
[Autosparse.AutoTune] Warm in 0 trial best: 22.39903831, history best: 4.9316911697387695
Random Search: Current time: 2024-04-04 14:49:36 in trial 27
TimeoutError -------------------------
TimeoutError -------------------------
TimeoutError -------------------------
TimeoutError -------------------------
TimeoutError -------------------------
TimeoutError -------------------------
[Autosparse.AutoTune] Warm in 0 trial best: 39.80247879, history best: 4.9316911697387695
Random Search: Current time: 2024-04-04 14:49:52 in trial 28
TimeoutError -------------------------
TimeoutError -------------------------
TimeoutError -------------------------
TimeoutError -------------------------
TimeoutError -------------------------
TimeoutError -------------------------
[Autosparse.AutoTune] Warm in 0 trial best: 24.07692719, history best: 4.9316911697387695
Random Search: Current time: 2024-04-04 14:50:05 in trial 29
TimeoutError -------------------------
TimeoutError -------------------------
TimeoutError -------------------------
TimeoutError -------------------------
[Autosparse.AutoTune] Warm in 0 trial best: 31.37894058, history best: 4.9316911697387695
Random Search: Current time: 2024-04-04 14:50:18 in trial 30
TimeoutError -------------------------
TimeoutError -------------------------
TimeoutError -------------------------
TimeoutError -------------------------
TimeoutError -------------------------
TimeoutError -------------------------
TimeoutError -------------------------
TimeoutError -------------------------
TimeoutError -------------------------
[Autosparse.AutoTune] Warm in 0 trial best: 17.38980484, history best: 4.9316911697387695
Random Search: Current time: 2024-04-04 14:50:39 in trial 31
TimeoutError -------------------------
TimeoutError -------------------------
TimeoutError -------------------------
TimeoutError -------------------------
TimeoutError -------------------------
[Autosparse.AutoTune] Warm in 0 trial best: 19.42293739, history best: 4.9316911697387695
Random Search: Current time: 2024-04-04 14:50:52 in trial 32
TimeoutError -------------------------
TimeoutError -------------------------
TimeoutError -------------------------
TimeoutError -------------------------
TimeoutError -------------------------
TimeoutError -------------------------
TimeoutError -------------------------
TimeoutError -------------------------
[Autosparse.AutoTune] Warm in 0 trial best: 28.09981537, history best: 4.9316911697387695
Random Search: Current time: 2024-04-04 14:51:10 in trial 33
TimeoutError -------------------------
TimeoutError -------------------------
TimeoutError -------------------------
TimeoutError -------------------------
TimeoutError -------------------------
[Autosparse.AutoTune] Warm in 0 trial best: 28.38163185, history best: 4.9316911697387695
Random Search: Current time: 2024-04-04 14:51:18 in trial 34
TimeoutError -------------------------
TimeoutError -------------------------
TimeoutError -------------------------
TimeoutError -------------------------
TimeoutError -------------------------
TimeoutError -------------------------
[Autosparse.AutoTune] Warm in 0 trial best: 13.61063671, history best: 4.9316911697387695
Random Search: Current time: 2024-04-04 14:51:31 in trial 35
TimeoutError -------------------------
TimeoutError -------------------------
TimeoutError -------------------------
TimeoutError -------------------------
TimeoutError -------------------------
TimeoutError -------------------------
TimeoutError -------------------------
TimeoutError -------------------------
[Autosparse.AutoTune] Warm in 0 trial best: 3.80180097, history best: 3.8018009662628174
Random Search: Current time: 2024-04-04 14:51:56 in trial 36
TimeoutError -------------------------
TimeoutError -------------------------
TimeoutError -------------------------
TimeoutError -------------------------
TimeoutError -------------------------
TimeoutError -------------------------
TimeoutError -------------------------
[Autosparse.AutoTune] Warm in 0 trial best: 32.38356400, history best: 3.8018009662628174
Random Search: Current time: 2024-04-04 14:52:15 in trial 37
TimeoutError -------------------------
TimeoutError -------------------------
TimeoutError -------------------------
[Autosparse.AutoTune] Warm in 0 trial best: 36.69174194, history best: 3.8018009662628174
Random Search: Current time: 2024-04-04 14:52:31 in trial 38
TimeoutError -------------------------
TimeoutError -------------------------
TimeoutError -------------------------
TimeoutError -------------------------
TimeoutError -------------------------
TimeoutError -------------------------
[Autosparse.AutoTune] Warm in 0 trial best: 30.33530235, history best: 3.8018009662628174
Random Search: Current time: 2024-04-04 14:52:48 in trial 39
TimeoutError -------------------------
TimeoutError -------------------------
TimeoutError -------------------------
TimeoutError -------------------------
TimeoutError -------------------------
[Autosparse.AutoTune] Warm in 0 trial best: 9.72729588, history best: 3.8018009662628174
Random Search: Current time: 2024-04-04 14:53:02 in trial 40
TimeoutError -------------------------
TimeoutError -------------------------
[Autosparse.AutoTune] Warm in 0 trial best: 31.34325790, history best: 3.8018009662628174
Random Search: Current time: 2024-04-04 14:53:10 in trial 41
TimeoutError -------------------------
TimeoutError -------------------------
TimeoutError -------------------------
[Autosparse.AutoTune] Warm in 0 trial best: 19.43216133, history best: 3.8018009662628174
Random Search: Current time: 2024-04-04 14:53:20 in trial 42
TimeoutError -------------------------
TimeoutError -------------------------
TimeoutError -------------------------
TimeoutError -------------------------
TimeoutError -------------------------
TimeoutError -------------------------
TimeoutError -------------------------
[Autosparse.AutoTune] Warm in 0 trial best: 28.37589264, history best: 3.8018009662628174
Random Search: Current time: 2024-04-04 14:53:36 in trial 43
TimeoutError -------------------------
TimeoutError -------------------------
TimeoutError -------------------------
TimeoutError -------------------------
TimeoutError -------------------------
TimeoutError -------------------------
[Autosparse.AutoTune] Warm in 0 trial best: 21.92743492, history best: 3.8018009662628174
Random Search: Current time: 2024-04-04 14:53:50 in trial 44
TimeoutError -------------------------
TimeoutError -------------------------
TimeoutError -------------------------
TimeoutError -------------------------
TimeoutError -------------------------
TimeoutError -------------------------
TimeoutError -------------------------
TimeoutError -------------------------
TimeoutError -------------------------
[Autosparse.AutoTune] Warm in 0 trial best: 59.83197784, history best: 3.8018009662628174
Random Search: Current time: 2024-04-04 14:54:08 in trial 45
TimeoutError -------------------------
TimeoutError -------------------------
TimeoutError -------------------------
TimeoutError -------------------------
TimeoutError -------------------------
TimeoutError -------------------------
TimeoutError -------------------------
TimeoutError -------------------------
TimeoutError -------------------------
TimeoutError -------------------------
[Autosparse.AutoTune] Warm in 0 trial best: 54.01069641, history best: 3.8018009662628174
Random Search: Current time: 2024-04-04 14:54:29 in trial 46
TimeoutError -------------------------
TimeoutError -------------------------
TimeoutError -------------------------
TimeoutError -------------------------
TimeoutError -------------------------
TimeoutError -------------------------
TimeoutError -------------------------
[Autosparse.AutoTune] Warm in 0 trial best: 51.10921097, history best: 3.8018009662628174
Random Search: Current time: 2024-04-04 14:54:44 in trial 47
TimeoutError -------------------------
TimeoutError -------------------------
TimeoutError -------------------------
TimeoutError -------------------------
TimeoutError -------------------------
TimeoutError -------------------------
TimeoutError -------------------------
TimeoutError -------------------------
TimeoutError -------------------------
TimeoutError -------------------------
TimeoutError -------------------------
[Autosparse.AutoTune] Warm in 0 trial best: 63.97214508, history best: 3.8018009662628174
Random Search: Current time: 2024-04-04 14:55:04 in trial 48
TimeoutError -------------------------
TimeoutError -------------------------
TimeoutError -------------------------
TimeoutError -------------------------
TimeoutError -------------------------
[Autosparse.AutoTune] Warm in 0 trial best: 30.72350311, history best: 3.8018009662628174
Random Search: Current time: 2024-04-04 14:55:14 in trial 49
TimeoutError -------------------------
TimeoutError -------------------------
TimeoutError -------------------------
TimeoutError -------------------------
[Autosparse.AutoTune] Warm in 0 trial best: 22.90900230, history best: 3.8018009662628174
Random Search: Current time: 2024-04-04 14:55:24 in trial 50
TimeoutError -------------------------
TimeoutError -------------------------
[Autosparse.AutoTune] Warm in 0 trial best: 28.13569832, history best: 3.8018009662628174
Random Search: Current time: 2024-04-04 14:55:35 in trial 51
TimeoutError -------------------------
TimeoutError -------------------------
TimeoutError -------------------------
TimeoutError -------------------------
TimeoutError -------------------------
TimeoutError -------------------------
TimeoutError -------------------------
TimeoutError -------------------------
[Autosparse.AutoTune] Warm in 0 trial best: 18.58596992, history best: 3.8018009662628174
Random Search: Current time: 2024-04-04 14:56:18 in trial 52
TimeoutError -------------------------
TimeoutError -------------------------
TimeoutError -------------------------
[Autosparse.AutoTune] Warm in 0 trial best: 55.57689667, history best: 3.8018009662628174
Random Search: Current time: 2024-04-04 14:56:27 in trial 53
TimeoutError -------------------------
TimeoutError -------------------------
TimeoutError -------------------------
TimeoutError -------------------------
TimeoutError -------------------------
[Autosparse.AutoTune] Warm in 0 trial best: 18.08317757, history best: 3.8018009662628174
Random Search: Current time: 2024-04-04 14:56:41 in trial 54
TimeoutError -------------------------
TimeoutError -------------------------
TimeoutError -------------------------
TimeoutError -------------------------
TimeoutError -------------------------
TimeoutError -------------------------
[Autosparse.AutoTune] Warm in 0 trial best: 12.27768898, history best: 3.8018009662628174
Random Search: Current time: 2024-04-04 14:56:55 in trial 55
TimeoutError -------------------------
TimeoutError -------------------------
TimeoutError -------------------------
TimeoutError -------------------------
TimeoutError -------------------------
[Autosparse.AutoTune] Warm in 0 trial best: 32.59423828, history best: 3.8018009662628174
Random Search: Current time: 2024-04-04 14:57:09 in trial 56
TimeoutError -------------------------
TimeoutError -------------------------
TimeoutError -------------------------
TimeoutError -------------------------
TimeoutError -------------------------
TimeoutError -------------------------
TimeoutError -------------------------
[Autosparse.AutoTune] Warm in 0 trial best: 33.09049606, history best: 3.8018009662628174
Random Search: Current time: 2024-04-04 14:57:24 in trial 57
TimeoutError -------------------------
TimeoutError -------------------------
TimeoutError -------------------------
TimeoutError -------------------------
TimeoutError -------------------------
TimeoutError -------------------------
TimeoutError -------------------------
TimeoutError -------------------------
[Autosparse.AutoTune] Warm in 0 trial best: 17.52176476, history best: 3.8018009662628174
Random Search: Current time: 2024-04-04 14:57:40 in trial 58
TimeoutError -------------------------
TimeoutError -------------------------
TimeoutError -------------------------
TimeoutError -------------------------
TimeoutError -------------------------
TimeoutError -------------------------
TimeoutError -------------------------
[Autosparse.AutoTune] Warm in 0 trial best: 37.17108917, history best: 3.8018009662628174
Random Search: Current time: 2024-04-04 14:58:00 in trial 59
TimeoutError -------------------------
TimeoutError -------------------------
TimeoutError -------------------------
TimeoutError -------------------------
[Autosparse.AutoTune] Warm in 0 trial best: 32.45803833, history best: 3.8018009662628174
Random Search: Current time: 2024-04-04 14:58:10 in trial 60
TimeoutError -------------------------
TimeoutError -------------------------
TimeoutError -------------------------
[Autosparse.AutoTune] Warm in 0 trial best: 9.29592514, history best: 3.8018009662628174
Random Search: Current time: 2024-04-04 14:58:18 in trial 61
TimeoutError -------------------------
TimeoutError -------------------------
TimeoutError -------------------------
TimeoutError -------------------------
TimeoutError -------------------------
TimeoutError -------------------------
TimeoutError -------------------------
TimeoutError -------------------------
TimeoutError -------------------------
[Autosparse.AutoTune] Warm in 0 trial best: 35.75078583, history best: 3.8018009662628174
Random Search: Current time: 2024-04-04 14:58:35 in trial 62
TimeoutError -------------------------
TimeoutError -------------------------
TimeoutError -------------------------
TimeoutError -------------------------
TimeoutError -------------------------
TimeoutError -------------------------
[Autosparse.AutoTune] Warm in 0 trial best: 32.10092545, history best: 3.8018009662628174
Random Search: Current time: 2024-04-04 14:58:53 in trial 63
TimeoutError -------------------------
TimeoutError -------------------------
TimeoutError -------------------------
TimeoutError -------------------------
[Autosparse.AutoTune] Warm in 0 trial best: 32.94415665, history best: 3.8018009662628174
Random Search: Current time: 2024-04-04 14:59:07 in trial 64
TimeoutError -------------------------
TimeoutError -------------------------
TimeoutError -------------------------
TimeoutError -------------------------
TimeoutError -------------------------
TimeoutError -------------------------
TimeoutError -------------------------
TimeoutError -------------------------
TimeoutError -------------------------
[Autosparse.AutoTune] Warm in 0 trial best: 27.92088318, history best: 3.8018009662628174
Random Search: Current time: 2024-04-04 14:59:28 in trial 65
TimeoutError -------------------------
TimeoutError -------------------------
TimeoutError -------------------------
TimeoutError -------------------------
TimeoutError -------------------------
TimeoutError -------------------------
TimeoutError -------------------------
TimeoutError -------------------------
[Autosparse.AutoTune] Warm in 0 trial best: 29.16961098, history best: 3.8018009662628174
Random Search: Current time: 2024-04-04 14:59:45 in trial 66
TimeoutError -------------------------
TimeoutError -------------------------
TimeoutError -------------------------
TimeoutError -------------------------
TimeoutError -------------------------
TimeoutError -------------------------
TimeoutError -------------------------
[Autosparse.AutoTune] Warm in 0 trial best: 31.76640320, history best: 3.8018009662628174
Random Search: Current time: 2024-04-04 14:59:59 in trial 67
TimeoutError -------------------------
TimeoutError -------------------------
TimeoutError -------------------------
TimeoutError -------------------------
TimeoutError -------------------------
[Autosparse.AutoTune] Warm in 0 trial best: 22.47886848, history best: 3.8018009662628174
Random Search: Current time: 2024-04-04 15:00:13 in trial 68
TimeoutError -------------------------
TimeoutError -------------------------
TimeoutError -------------------------
TimeoutError -------------------------
TimeoutError -------------------------
TimeoutError -------------------------
TimeoutError -------------------------
[Autosparse.AutoTune] Warm in 0 trial best: 35.55592728, history best: 3.8018009662628174
Random Search: Current time: 2024-04-04 15:00:27 in trial 69
TimeoutError -------------------------
TimeoutError -------------------------
TimeoutError -------------------------
TimeoutError -------------------------
TimeoutError -------------------------
TimeoutError -------------------------
TimeoutError -------------------------
[Autosparse.AutoTune] Warm in 0 trial best: 53.84451294, history best: 3.8018009662628174
Random Search: Current time: 2024-04-04 15:00:44 in trial 70
TimeoutError -------------------------
TimeoutError -------------------------
TimeoutError -------------------------
TimeoutError -------------------------
TimeoutError -------------------------
TimeoutError -------------------------
TimeoutError -------------------------
TimeoutError -------------------------
[Autosparse.AutoTune] Warm in 0 trial best: 31.51306534, history best: 3.8018009662628174
Random Search: Current time: 2024-04-04 15:01:07 in trial 71
TimeoutError -------------------------
TimeoutError -------------------------
TimeoutError -------------------------
TimeoutError -------------------------
TimeoutError -------------------------
[Autosparse.AutoTune] Warm in 0 trial best: 27.22514343, history best: 3.8018009662628174
Random Search: Current time: 2024-04-04 15:01:21 in trial 72
TimeoutError -------------------------
TimeoutError -------------------------
TimeoutError -------------------------
TimeoutError -------------------------
TimeoutError -------------------------
TimeoutError -------------------------
[Autosparse.AutoTune] Warm in 0 trial best: 38.45566559, history best: 3.8018009662628174
Random Search: Current time: 2024-04-04 15:01:38 in trial 73
TimeoutError -------------------------
TimeoutError -------------------------
[Autosparse.AutoTune] Warm in 0 trial best: 83.20820618, history best: 3.8018009662628174
Random Search: Current time: 2024-04-04 15:01:57 in trial 74
TimeoutError -------------------------
TimeoutError -------------------------
[Autosparse.AutoTune] Warm in 0 trial best: 33.62430191, history best: 3.8018009662628174
Random Search: Current time: 2024-04-04 15:02:03 in trial 75
TimeoutError -------------------------
TimeoutError -------------------------
[Autosparse.AutoTune] Warm in 0 trial best: 33.62027359, history best: 3.8018009662628174
Random Search: Current time: 2024-04-04 15:02:11 in trial 76
TimeoutError -------------------------
TimeoutError -------------------------
TimeoutError -------------------------
TimeoutError -------------------------
TimeoutError -------------------------
TimeoutError -------------------------
TimeoutError -------------------------
TimeoutError -------------------------
[Autosparse.AutoTune] Warm in 0 trial best: 31.16074181, history best: 3.8018009662628174
Random Search: Current time: 2024-04-04 15:03:04 in trial 77
TimeoutError -------------------------
TimeoutError -------------------------
TimeoutError -------------------------
TimeoutError -------------------------
TimeoutError -------------------------
[Autosparse.AutoTune] Warm in 0 trial best: 28.28868866, history best: 3.8018009662628174
Random Search: Current time: 2024-04-04 15:03:39 in trial 78
TimeoutError -------------------------
TimeoutError -------------------------
TimeoutError -------------------------
TimeoutError -------------------------
[Autosparse.AutoTune] Warm in 0 trial best: 91.34748077, history best: 3.8018009662628174
Random Search: Current time: 2024-04-04 15:03:51 in trial 79
TimeoutError -------------------------
TimeoutError -------------------------
TimeoutError -------------------------
TimeoutError -------------------------
TimeoutError -------------------------
[Autosparse.AutoTune] Warm in 0 trial best: 17.56441116, history best: 3.8018009662628174
Random Search: Current time: 2024-04-04 15:04:03 in trial 80
TimeoutError -------------------------
TimeoutError -------------------------
TimeoutError -------------------------
TimeoutError -------------------------
TimeoutError -------------------------
TimeoutError -------------------------
[Autosparse.AutoTune] Warm in 0 trial best: 99.96556854, history best: 3.8018009662628174
Random Search: Current time: 2024-04-04 15:04:17 in trial 81
TimeoutError -------------------------
TimeoutError -------------------------
TimeoutError -------------------------
[Autosparse.AutoTune] Warm in 0 trial best: 18.41714478, history best: 3.8018009662628174
Random Search: Current time: 2024-04-04 15:04:25 in trial 82
TimeoutError -------------------------
TimeoutError -------------------------
TimeoutError -------------------------
TimeoutError -------------------------
[Autosparse.AutoTune] Warm in 0 trial best: 30.34638023, history best: 3.8018009662628174
Random Search: Current time: 2024-04-04 15:04:34 in trial 83
TimeoutError -------------------------
TimeoutError -------------------------
TimeoutError -------------------------
TimeoutError -------------------------
TimeoutError -------------------------
TimeoutError -------------------------
TimeoutError -------------------------
TimeoutError -------------------------
[Autosparse.AutoTune] Warm in 0 trial best: 35.57483673, history best: 3.8018009662628174
Random Search: Current time: 2024-04-04 15:04:53 in trial 84
TimeoutError -------------------------
TimeoutError -------------------------
TimeoutError -------------------------
TimeoutError -------------------------
TimeoutError -------------------------
TimeoutError -------------------------
TimeoutError -------------------------
TimeoutError -------------------------
TimeoutError -------------------------
[Autosparse.AutoTune] Warm in 0 trial best: 78.92784882, history best: 3.8018009662628174
Random Search: Current time: 2024-04-04 15:05:24 in trial 85
TimeoutError -------------------------
TimeoutError -------------------------
TimeoutError -------------------------
TimeoutError -------------------------
TimeoutError -------------------------
[Autosparse.AutoTune] Warm in 0 trial best: 34.72431183, history best: 3.8018009662628174
Random Search: Current time: 2024-04-04 15:05:34 in trial 86
TimeoutError -------------------------
TimeoutError -------------------------
TimeoutError -------------------------
[Autosparse.AutoTune] Warm in 0 trial best: 34.34615707, history best: 3.8018009662628174
Random Search: Current time: 2024-04-04 15:05:44 in trial 87
TimeoutError -------------------------
TimeoutError -------------------------
TimeoutError -------------------------
TimeoutError -------------------------
TimeoutError -------------------------
TimeoutError -------------------------
TimeoutError -------------------------
[Autosparse.AutoTune] Warm in 0 trial best: 4.25523043, history best: 3.8018009662628174
Random Search: Current time: 2024-04-04 15:05:57 in trial 88
TimeoutError -------------------------
TimeoutError -------------------------
TimeoutError -------------------------
TimeoutError -------------------------
TimeoutError -------------------------
TimeoutError -------------------------
TimeoutError -------------------------
[Autosparse.AutoTune] Warm in 0 trial best: 48.98561478, history best: 3.8018009662628174
Random Search: Current time: 2024-04-04 15:06:17 in trial 89
TimeoutError -------------------------
TimeoutError -------------------------
TimeoutError -------------------------
TimeoutError -------------------------
TimeoutError -------------------------
TimeoutError -------------------------
[Autosparse.AutoTune] Warm in 0 trial best: 30.74516869, history best: 3.8018009662628174
Random Search: Current time: 2024-04-04 15:06:28 in trial 90
TimeoutError -------------------------
TimeoutError -------------------------
TimeoutError -------------------------
TimeoutError -------------------------
TimeoutError -------------------------
TimeoutError -------------------------
TimeoutError -------------------------
TimeoutError -------------------------
TimeoutError -------------------------
TimeoutError -------------------------
TimeoutError -------------------------
[Autosparse.AutoTune] Warm in 0 trial best: 31.50725174, history best: 3.8018009662628174
Random Search: Current time: 2024-04-04 15:06:45 in trial 91
TimeoutError -------------------------
TimeoutError -------------------------
TimeoutError -------------------------
[Autosparse.AutoTune] Warm in 0 trial best: 8.76583099, history best: 3.8018009662628174
Random Search: Current time: 2024-04-04 15:06:54 in trial 92
TimeoutError -------------------------
TimeoutError -------------------------
TimeoutError -------------------------
TimeoutError -------------------------
TimeoutError -------------------------
TimeoutError -------------------------
TimeoutError -------------------------
[Autosparse.AutoTune] Warm in 0 trial best: 31.04059219, history best: 3.8018009662628174
Random Search: Current time: 2024-04-04 15:07:10 in trial 93
TimeoutError -------------------------
TimeoutError -------------------------
TimeoutError -------------------------
TimeoutError -------------------------
TimeoutError -------------------------
TimeoutError -------------------------
TimeoutError -------------------------
[Autosparse.AutoTune] Warm in 0 trial best: 26.68407059, history best: 3.8018009662628174
Random Search: Current time: 2024-04-04 15:07:25 in trial 94
TimeoutError -------------------------
TimeoutError -------------------------
TimeoutError -------------------------
TimeoutError -------------------------
TimeoutError -------------------------
TimeoutError -------------------------
[Autosparse.AutoTune] Warm in 0 trial best: 29.96243286, history best: 3.8018009662628174
Random Search: Current time: 2024-04-04 15:07:45 in trial 95
TimeoutError -------------------------
TimeoutError -------------------------
TimeoutError -------------------------
TimeoutError -------------------------
[Autosparse.AutoTune] Warm in 0 trial best: 154.50457764, history best: 3.8018009662628174
Random Search: Current time: 2024-04-04 15:07:54 in trial 96
TimeoutError -------------------------
TimeoutError -------------------------
TimeoutError -------------------------
TimeoutError -------------------------
[Autosparse.AutoTune] Warm in 0 trial best: 38.23559570, history best: 3.8018009662628174
Random Search: Current time: 2024-04-04 15:08:01 in trial 97
TimeoutError -------------------------
TimeoutError -------------------------
TimeoutError -------------------------
TimeoutError -------------------------
[Autosparse.AutoTune] Warm in 0 trial best: 28.39306068, history best: 3.8018009662628174
Random Search: Current time: 2024-04-04 15:08:11 in trial 98
TimeoutError -------------------------
TimeoutError -------------------------
TimeoutError -------------------------
TimeoutError -------------------------
TimeoutError -------------------------
TimeoutError -------------------------
TimeoutError -------------------------
[Autosparse.AutoTune] Warm in 0 trial best: 177.74720764, history best: 3.8018009662628174
Random Search: Current time: 2024-04-04 15:08:26 in trial 99
2.6405467987060547
